info it worked if it ends with ok
verbose cli [ 'node', '/usr/bin/npm', 'test' ]
info using npm@1.1.2
info using node@v0.6.11
verbose /usr/bin/node node symlink
verbose config file /Users/lucy/.npmrc
verbose config file /usr/etc/npmrc
verbose config file /usr/lib/node_modules/npm/npmrc
ERR! Failed to parse json
ERR! Unexpected token /
ERR! File: /Users/lucy/raxbox/gutsy/package.json
ERR! JSON.parse Failed to parse package.json data.
ERR! JSON.parse package.json must be actual JSON, not just JavaScript.
ERR! JSON.parse This is not a bug in npm.
ERR! JSON.parse Tell the package author to fix their package.json file.
ERR! 
ERR! System Darwin 10.8.0
ERR! command "node" "/usr/bin/npm" "test"
ERR! cwd /Users/lucy/raxbox/gutsy
ERR! node -v v0.6.11
ERR! npm -v 1.1.2
ERR! file /Users/lucy/raxbox/gutsy/package.json
ERR! code EJSONPARSE
ERR! message Failed to parse json
ERR! message Unexpected token /
ERR! errno {}
verbose exit [ 1, true ]
